<testsuite failures="1" name="examples/example1.feature" skipped="0" tests="1" time="5.371124">
  <testcase classname="examples.example1" name="try to login to github" time="5.371124">
    <failure message="example1.feature:15 - driver config / start failed: webdriver session create status 0, null, options: {type=geckodriver, showDriverLog=true, target=null}">* configure driver = { type: 'geckodriver', showDriverLog: true } ......... passed
Given driver 'https://github.com/login' ................................... failed

Stack Trace:
com.intuit.karate.exception.KarateException: example1.feature:15 - driver config / start failed: webdriver session create status 0, null, options: {type=geckodriver, showDriverLog=true, target=null}
	at ✽.Given driver 'https://github.com/login' (example1.feature:15)

And input('#login_field', 'dummy') ........................................ skipped
And input('#password', 'world') ........................................... skipped
When submit().click("input[name=commit]") ................................. skipped
Then match html('#js-flash-container') contains 'Incorrect username or password.' . skipped
Given driver 'https://google.com' ......................................... skipped
And input("input[name=q]", 'karate dsl') .................................. skipped
When submit().click("input[name=btnI]") ................................... skipped
Then waitForUrl('https://github.com/intuit/karate') ....................... skipped</failure>
  </testcase>
</testsuite>
